
 ---
1. Mihai Patrascu Twitter 97
2. Linus Torvalds Google 11
3. Ken Thomson Google 101
4. Bjarne Stroustroup CPluplus 97
5. Denis Ritchie CLang 15
6. Guidovan Rossum Python 10
7. Yukihiro Matzomoto Ruby 30
8. Rasmus Lerdorf Microsoft 11
9. Cristian Strat Twitter 7
10. Mircea Pasoi Twitter 5
11. Adrian Statescu Google 10
---

 ---
1. Linus Torvalds Google 11
2. Ken Thomson Google 101
3. Bjarne Stroustroup CPluplus 97
4. Denis Ritchie CLang 15
5. Guidovan Rossum Python 10
6. Yukihiro Matzomoto Ruby 30
7. Rasmus Lerdorf Microsoft 11
8. Mircea Pasoi Twitter 5
9. Adrian Statescu Google 10
---

 ---
1. Adrian Statescu Google 10
2. Bjarne Stroustroup CPluplus 97
3. Denis Ritchie CLang 15
4. Guidovan Rossum Python 10
5. Ken Thomson Google 101
6. Linus Torvalds Google 11
7. Mircea Pasoi Twitter 5
8. Rasmus Lerdorf Microsoft 11
9. Yukihiro Matzomoto Ruby 30
---
